#
# A fatal error has been detected by the Java Runtime Environment:
#
#  SIGSEGV (0xb) at pc=0x00007fff9940ef49, pid=3112, tid=0x0000000000000d07
#
# JRE version: Java(TM) SE Runtime Environment (8.0_92-b14) (build 1.8.0_92-b14)
# Java VM: Java HotSpot(TM) 64-Bit Server VM (25.92-b14 mixed mode bsd-amd64 compressed oops)
# Problematic frame:
# C  [libsystem_platform.dylib+0x4f49]  _platform_memmove$VARIANT$Haswell+0x29
#
# Failed to write core dump. Core dumps have been disabled. To enable core dumping, try "ulimit -c unlimited" before starting Java again
#
# If you would like to submit a bug report, please visit:
#   http://bugreport.java.com/bugreport/crash.jsp
# The crash happened outside the Java Virtual Machine in native code.
# See problematic frame for where to report the bug.
#

---------------  T H R E A D  ---------------

Current thread (0x00007ff18c002800):  JavaThread "main" [_thread_in_native, id=3335, stack(0x000070000011a000,0x000070000021a000)]

siginfo: si_signo: 11 (SIGSEGV), si_code: 1 (SEGV_MAPERR), si_addr: 0x000000011f626000

Registers:
RAX=0x00007ff18d033000, RBX=0x000000011f625447, RCX=0x0000000000005deb, RDX=0x0000000000006976
RSP=0x00007000002170c0, RBP=0x00007000002170c0, RSI=0x000000011f626000, RDI=0x00007ff18d033b8b
R8 =0x0000000000000000, R9 =0x000000000000000b, R10=0x00000000de45ef5f, R11=0x00007ff06da0db8b
R12=0x000000006f697461, R13=0x00000000000a0314, R14=0x000000007265536e, R15=0x0000000000006563
RIP=0x00007fff9940ef49, EFLAGS=0x0000000000010202, ERR=0x0000000000000004
  TRAPNO=0x000000000000000e

Top of Stack: (sp=0x00007000002170c0)
0x00007000002170c0:   0000700000217130 0000000106bc4006
0x00007000002170d0:   000000638b443660 0000000000000065
0x00007000002170e0:   000000000000632e 00007ff18d033000
0x00007000002170f0:   0000000000006976 00007ff18b70f590
0x0000700000217100:   00007ff18b7135e0 00007ff18b70f590
0x0000700000217110:   00007ff18b70f740 0000000000000160
0x0000700000217120:   0000000048710548 00007ff18b444ae0
0x0000700000217130:   0000700000217190 0000000106bc452d
0x0000700000217140:   00007000002171ee 00007000002171ed
0x0000700000217150:   0000003e00000000 0000003f01002800
0x0000700000217160:   00007000002171ae 0000700000217680
0x0000700000217170:   000000000000003f 00007000002171ae
0x0000700000217180:   00007ff18b70f590 00007ff18c0029f8
0x0000700000217190:   00007000002175e0 0000000106bc3238
0x00007000002171a0:   00007ff18c002800 6f637ff100000001
0x00007000002171b0:   69742f7070612f6d 6b6f6f6274656b63
0x00007000002171c0:   767265732f676e69 6c7070412f656369
0x00007000002171d0:   496e6f6974616369 657a696c6169746e
0x00007000002171e0:   2e65636976726553 0000007373616c63
0x00007000002171f0:   00007000002192e0 0000000000000042
0x0000700000217200:   000070001c2e7258 000000001c3c1b08
0x0000700000217210:   000000001c475c70 000000001c3c1b08
0x0000700000217220:   000000011c480eb0 0000000000000042
0x0000700000217230:   000000071c3c1ac8 0000000000000010
0x0000700000217240:   00007ff11c3c1ac8 000070001c392548
0x0000700000217250:   00007000002172c0 000000011c42e9a0
0x0000700000217260:   00007ff18c0029f8 00007ff18c002800
0x0000700000217270:   000000001c3c1860 00007ff11c4f3530
0x0000700000217280:   000070001c3c1860 00007ff18c002800
0x0000700000217290:   00007ff18c002800 0000000000000042
0x00007000002172a0:   00000007c00264a8 0000000000000042
0x00007000002172b0:   000000071c359f28 000000001c3c1b08 

Instructions: (pc=0x00007fff9940ef49)
0x00007fff9940ef29:   f3 48 89 f8 49 39 d3 72 1b 48 83 fa 60 76 2f 48
0x00007fff9940ef39:   81 fa 00 40 00 00 0f 82 bb 00 00 00 48 89 d1 fc
0x00007fff9940ef49:   f3 a4 5d c3 48 39 fe 74 f9 48 01 d6 48 01 d7 48
0x00007fff9940ef59:   83 fa 60 0f 82 5c 01 00 00 e9 79 01 00 00 48 83 

Register to memory mapping:

RAX=0x00007ff18d033000 is an unknown value
RBX=0x000000011f625447 is an unknown value
RCX=0x0000000000005deb is an unknown value
RDX=0x0000000000006976 is an unknown value
RSP=0x00007000002170c0 is pointing into the stack for thread: 0x00007ff18c002800
RBP=0x00007000002170c0 is pointing into the stack for thread: 0x00007ff18c002800
RSI=0x000000011f626000 is an unknown value
RDI=0x00007ff18d033b8b is an unknown value
R8 =0x0000000000000000 is an unknown value
R9 =0x000000000000000b is an unknown value
R10=0x00000000de45ef5f is an unknown value
R11=0x00007ff06da0db8b is an unknown value
R12=0x000000006f697461 is an unknown value
R13=0x00000000000a0314 is an unknown value
R14=0x000000007265536e is an unknown value
R15=0x0000000000006563 is an unknown value


Stack: [0x000070000011a000,0x000070000021a000],  sp=0x00007000002170c0,  free space=1012k
Native frames: (J=compiled Java code, j=interpreted, Vv=VM code, C=native code)
C  [libsystem_platform.dylib+0x4f49]  _platform_memmove$VARIANT$Haswell+0x29
C  [libzip.dylib+0x3006]  newEntry+0x2c8
C  [libzip.dylib+0x352d]  ZIP_GetEntry2+0xd4
C  [libzip.dylib+0x2238]  Java_java_util_zip_ZipFile_getEntry+0xcf
j  java.util.zip.ZipFile.getEntry(J[BZ)J+0
j  java.util.zip.ZipFile.getEntry(Ljava/lang/String;)Ljava/util/zip/ZipEntry;+38
j  java.util.jar.JarFile.getEntry(Ljava/lang/String;)Ljava/util/zip/ZipEntry;+2
j  java.util.jar.JarFile.getJarEntry(Ljava/lang/String;)Ljava/util/jar/JarEntry;+2
j  sun.misc.URLClassPath$JarLoader.getResource(Ljava/lang/String;Z)Lsun/misc/Resource;+42
j  sun.misc.URLClassPath.getResource(Ljava/lang/String;Z)Lsun/misc/Resource;+62
j  java.net.URLClassLoader$1.run()Ljava/lang/Class;+26
j  java.net.URLClassLoader$1.run()Ljava/lang/Object;+1
v  ~StubRoutines::call_stub
V  [libjvm.dylib+0x2ecc9a]
V  [libjvm.dylib+0x34d430]
j  java.security.AccessController.doPrivileged(Ljava/security/PrivilegedExceptionAction;Ljava/security/AccessControlContext;)Ljava/lang/Object;+0
j  java.net.URLClassLoader.findClass(Ljava/lang/String;)Ljava/lang/Class;+13
j  java.lang.ClassLoader.loadClass(Ljava/lang/String;Z)Ljava/lang/Class;+70
j  sun.misc.Launcher$AppClassLoader.loadClass(Ljava/lang/String;Z)Ljava/lang/Class;+81
j  java.lang.ClassLoader.loadClass(Ljava/lang/String;)Ljava/lang/Class;+3
v  ~StubRoutines::call_stub
V  [libjvm.dylib+0x2ecc9a]
V  [libjvm.dylib+0x2ed428]
V  [libjvm.dylib+0x2ed580]
V  [libjvm.dylib+0x5363c0]
V  [libjvm.dylib+0x535b59]
V  [libjvm.dylib+0x5365dc]
V  [libjvm.dylib+0x536c59]
V  [libjvm.dylib+0x1e278a]
V  [libjvm.dylib+0x1f2bb6]
V  [libjvm.dylib+0x3c930e]
V  [libjvm.dylib+0x3cc936]
V  [libjvm.dylib+0x3cca5b]
V  [libjvm.dylib+0x2e70e1]
j  com.app.ticketbooking.App.main([Ljava/lang/String;)V+166
v  ~StubRoutines::call_stub
V  [libjvm.dylib+0x2ecc9a]
V  [libjvm.dylib+0x323b0e]
V  [libjvm.dylib+0x31c885]
C  [java+0x3931]  JavaMain+0x9c4
C  [libsystem_pthread.dylib+0x3c13]  _pthread_body+0x83
C  [libsystem_pthread.dylib+0x3b90]  _pthread_body+0x0
C  [libsystem_pthread.dylib+0x1375]  thread_start+0xd
C  0x0000000000000000

Java frames: (J=compiled Java code, j=interpreted, Vv=VM code)
j  java.util.zip.ZipFile.getEntry(J[BZ)J+0
j  java.util.zip.ZipFile.getEntry(Ljava/lang/String;)Ljava/util/zip/ZipEntry;+38
j  java.util.jar.JarFile.getEntry(Ljava/lang/String;)Ljava/util/zip/ZipEntry;+2
j  java.util.jar.JarFile.getJarEntry(Ljava/lang/String;)Ljava/util/jar/JarEntry;+2
j  sun.misc.URLClassPath$JarLoader.getResource(Ljava/lang/String;Z)Lsun/misc/Resource;+42
j  sun.misc.URLClassPath.getResource(Ljava/lang/String;Z)Lsun/misc/Resource;+62
j  java.net.URLClassLoader$1.run()Ljava/lang/Class;+26
j  java.net.URLClassLoader$1.run()Ljava/lang/Object;+1
v  ~StubRoutines::call_stub
j  java.security.AccessController.doPrivileged(Ljava/security/PrivilegedExceptionAction;Ljava/security/AccessControlContext;)Ljava/lang/Object;+0
j  java.net.URLClassLoader.findClass(Ljava/lang/String;)Ljava/lang/Class;+13
j  java.lang.ClassLoader.loadClass(Ljava/lang/String;Z)Ljava/lang/Class;+70
j  sun.misc.Launcher$AppClassLoader.loadClass(Ljava/lang/String;Z)Ljava/lang/Class;+81
j  java.lang.ClassLoader.loadClass(Ljava/lang/String;)Ljava/lang/Class;+3
v  ~StubRoutines::call_stub
j  com.app.ticketbooking.App.main([Ljava/lang/String;)V+166
v  ~StubRoutines::call_stub

---------------  P R O C E S S  ---------------

Java Threads: ( => current thread )
  0x00007ff18b883000 JavaThread "Service Thread" daemon [_thread_blocked, id=18691, stack(0x0000700000e44000,0x0000700000f44000)]
  0x00007ff18d011800 JavaThread "C1 CompilerThread2" daemon [_thread_blocked, id=18179, stack(0x0000700000d41000,0x0000700000e41000)]
  0x00007ff18b882800 JavaThread "C2 CompilerThread1" daemon [_thread_blocked, id=17667, stack(0x0000700000c3e000,0x0000700000d3e000)]
  0x00007ff18c044800 JavaThread "C2 CompilerThread0" daemon [_thread_blocked, id=17155, stack(0x0000700000b3b000,0x0000700000c3b000)]
  0x00007ff18c801000 JavaThread "Signal Dispatcher" daemon [_thread_blocked, id=12815, stack(0x0000700000a38000,0x0000700000b38000)]
  0x00007ff18c043800 JavaThread "Finalizer" daemon [_thread_blocked, id=12291, stack(0x000070000082f000,0x000070000092f000)]
  0x00007ff18b826800 JavaThread "Reference Handler" daemon [_thread_blocked, id=11779, stack(0x000070000072c000,0x000070000082c000)]
=>0x00007ff18c002800 JavaThread "main" [_thread_in_native, id=3335, stack(0x000070000011a000,0x000070000021a000)]

Other Threads:
  0x00007ff18b821800 VMThread [stack: 0x0000700000629000,0x0000700000729000] [id=11267]
  0x00007ff18b86d000 WatcherThread [stack: 0x0000700000f47000,0x0000700001047000] [id=19203]

VM state:not at safepoint (normal execution)

VM Mutex/Monitor currently owned by a thread: None

Heap:
 PSYoungGen      total 38400K, used 1997K [0x0000000795580000, 0x0000000798000000, 0x00000007c0000000)
  eden space 33280K, 6% used [0x0000000795580000,0x0000000795773440,0x0000000797600000)
  from space 5120K, 0% used [0x0000000797b00000,0x0000000797b00000,0x0000000798000000)
  to   space 5120K, 0% used [0x0000000797600000,0x0000000797600000,0x0000000797b00000)
 ParOldGen       total 87552K, used 0K [0x0000000740000000, 0x0000000745580000, 0x0000000795580000)
  object space 87552K, 0% used [0x0000000740000000,0x0000000740000000,0x0000000745580000)
 Metaspace       used 3399K, capacity 4490K, committed 4864K, reserved 1056768K
  class space    used 384K, capacity 386K, committed 512K, reserved 1048576K

Card table byte_map: [0x0000000117757000,0x0000000117b58000] byte_map_base: 0x0000000113d57000

Marking Bits: (ParMarkBitMap*) 0x0000000107ce8bd0
 Begin Bits: [0x0000000117e03000, 0x0000000119e03000)
 End Bits:   [0x0000000119e03000, 0x000000011be03000)

Polling page: 0x0000000106bb7000

CodeCache: size=245760Kb used=1156Kb max_used=1156Kb free=244603Kb
 bounds [0x0000000108397000, 0x0000000108607000, 0x0000000117397000]
 total_blobs=299 nmethods=58 adapters=155
 compilation: enabled

Compilation events (10 events):
Event: 0.119 Thread 0x00007ff18d011800   54       3       java.util.regex.Pattern::next (33 bytes)
Event: 0.119 Thread 0x00007ff18d011800 nmethod 54 0x00000001084b71d0 code [0x00000001084b7360, 0x00000001084b7628]
Event: 0.119 Thread 0x00007ff18d011800   55       1       java.util.regex.Pattern::flags (5 bytes)
Event: 0.119 Thread 0x00007ff18d011800 nmethod 55 0x00000001084b7750 code [0x00000001084b78a0, 0x00000001084b79b0]
Event: 1.442 Thread 0x00007ff18d011800   56       1       java.lang.String::length (6 bytes)
Event: 1.442 Thread 0x00007ff18d011800 nmethod 56 0x00000001084b7a10 code [0x00000001084b7b60, 0x00000001084b7c70]
Event: 8.712 Thread 0x00007ff18d011800   57       1       java.nio.Buffer::position (5 bytes)
Event: 8.712 Thread 0x00007ff18d011800 nmethod 57 0x00000001084b7d10 code [0x00000001084b7e60, 0x00000001084b7f70]
Event: 306.999 Thread 0x00007ff18d011800   58       1       java.nio.Buffer::limit (5 bytes)
Event: 307.000 Thread 0x00007ff18d011800 nmethod 58 0x00000001084b7fd0 code [0x00000001084b8120, 0x00000001084b8230]

GC Heap History (0 events):
No events

Deoptimization events (0 events):
No events

Internal exceptions (6 events):
Event: 0.029 Thread 0x00007ff18c002800 Exception <a 'java/lang/NoSuchMethodError': Method sun.misc.Unsafe.defineClass(Ljava/lang/String;[BII)Ljava/lang/Class; name or signature does not match> (0x0000000795587cc0) thrown at [/Users/java_re/workspace/8-2-build-macosx-x86_64/jdk8u92/6642/hotspot
Event: 0.029 Thread 0x00007ff18c002800 Exception <a 'java/lang/NoSuchMethodError': Method sun.misc.Unsafe.prefetchRead(Ljava/lang/Object;J)V name or signature does not match> (0x0000000795587fa8) thrown at [/Users/java_re/workspace/8-2-build-macosx-x86_64/jdk8u92/6642/hotspot/src/share/vm/prim
Event: 0.110 Thread 0x00007ff18c002800 Exception <a 'java/security/PrivilegedActionException'> (0x0000000795623338) thrown at [/Users/java_re/workspace/8-2-build-macosx-x86_64/jdk8u92/6642/hotspot/src/share/vm/prims/jvm.cpp, line 1386]
Event: 0.110 Thread 0x00007ff18c002800 Exception <a 'java/security/PrivilegedActionException'> (0x0000000795623730) thrown at [/Users/java_re/workspace/8-2-build-macosx-x86_64/jdk8u92/6642/hotspot/src/share/vm/prims/jvm.cpp, line 1386]
Event: 0.110 Thread 0x00007ff18c002800 Exception <a 'java/security/PrivilegedActionException'> (0x00000007956cd268) thrown at [/Users/java_re/workspace/8-2-build-macosx-x86_64/jdk8u92/6642/hotspot/src/share/vm/prims/jvm.cpp, line 1386]
Event: 0.110 Thread 0x00007ff18c002800 Exception <a 'java/security/PrivilegedActionException'> (0x00000007956cd660) thrown at [/Users/java_re/workspace/8-2-build-macosx-x86_64/jdk8u92/6642/hotspot/src/share/vm/prims/jvm.cpp, line 1386]

Events (10 events):
Event: 0.118 loading class java/util/regex/Pattern$Single
Event: 0.118 loading class java/util/regex/Pattern$Single done
Event: 0.118 loading class java/util/regex/Pattern$Loop
Event: 0.118 loading class java/util/regex/Pattern$Loop done
Event: 0.118 loading class java/util/regex/Pattern$Prolog
Event: 0.118 loading class java/util/regex/Pattern$Prolog done
Event: 4.103 Executing VM operation: EnableBiasedLocking
Event: 4.103 Executing VM operation: EnableBiasedLocking done
Event: 307.714 loading class com/app/ticketbooking/service/ApplicationIntializeService
Event: 307.714 loading class com/app/ticketbooking/service/ApplicationIntializeService done


Dynamic libraries:
0x000000000978c000 	/System/Library/Frameworks/Cocoa.framework/Versions/A/Cocoa
0x000000000978c000 	/System/Library/Frameworks/Security.framework/Versions/A/Security
0x000000000978c000 	/System/Library/Frameworks/ApplicationServices.framework/Versions/A/ApplicationServices
0x000000000978c000 	/usr/lib/libz.1.dylib
0x000000000978c000 	/usr/lib/libSystem.B.dylib
0x000000000978c000 	/usr/lib/libobjc.A.dylib
0x000000000978c000 	/System/Library/Frameworks/CoreFoundation.framework/Versions/A/CoreFoundation
0x000000000978c000 	/System/Library/Frameworks/Foundation.framework/Versions/C/Foundation
0x000000000978c000 	/System/Library/Frameworks/AppKit.framework/Versions/C/AppKit
0x000000000978c000 	/System/Library/Frameworks/CoreData.framework/Versions/A/CoreData
0x000000000978c000 	/System/Library/PrivateFrameworks/RemoteViewServices.framework/Versions/A/RemoteViewServices
0x000000000978c000 	/System/Library/PrivateFrameworks/UIFoundation.framework/Versions/A/UIFoundation
0x000000000978c000 	/usr/lib/libScreenReader.dylib
0x000000000978c000 	/System/Library/Frameworks/Accelerate.framework/Versions/A/Accelerate
0x000000000978c000 	/System/Library/Frameworks/IOSurface.framework/Versions/A/IOSurface
0x000000000978c000 	/System/Library/Frameworks/AudioToolbox.framework/Versions/A/AudioToolbox
0x000000000978c000 	/System/Library/Frameworks/AudioUnit.framework/Versions/A/AudioUnit
0x000000000978c000 	/System/Library/PrivateFrameworks/DataDetectorsCore.framework/Versions/A/DataDetectorsCore
0x000000000978c000 	/System/Library/PrivateFrameworks/DesktopServicesPriv.framework/Versions/A/DesktopServicesPriv
0x000000000978c000 	/System/Library/Frameworks/Carbon.framework/Versions/A/Frameworks/HIToolbox.framework/Versions/A/HIToolbox
0x000000000978c000 	/System/Library/Frameworks/QuartzCore.framework/Versions/A/QuartzCore
0x000000000978c000 	/System/Library/Frameworks/Carbon.framework/Versions/A/Frameworks/SpeechRecognition.framework/Versions/A/SpeechRecognition
0x000000000978c000 	/usr/lib/libauto.dylib
0x000000000978c000 	/usr/lib/libicucore.A.dylib
0x000000000978c000 	/usr/lib/libxml2.2.dylib
0x000000000978c000 	/System/Library/PrivateFrameworks/CoreUI.framework/Versions/A/CoreUI
0x000000000978c000 	/System/Library/Frameworks/CoreAudio.framework/Versions/A/CoreAudio
0x000000000978c000 	/System/Library/Frameworks/DiskArbitration.framework/Versions/A/DiskArbitration
0x000000000978c000 	/usr/lib/liblangid.dylib
0x000000000978c000 	/System/Library/PrivateFrameworks/MultitouchSupport.framework/Versions/A/MultitouchSupport
0x000000000978c000 	/System/Library/Frameworks/IOKit.framework/Versions/A/IOKit
0x000000000978c000 	/usr/lib/libDiagnosticMessagesClient.dylib
0x000000000978c000 	/System/Library/Frameworks/CoreServices.framework/Versions/A/CoreServices
0x000000000978c000 	/System/Library/PrivateFrameworks/PerformanceAnalysis.framework/Versions/A/PerformanceAnalysis
0x000000000978c000 	/System/Library/PrivateFrameworks/GenerationalStorage.framework/Versions/A/GenerationalStorage
0x000000000978c000 	/System/Library/Frameworks/OpenGL.framework/Versions/A/OpenGL
0x000000000978c000 	/System/Library/PrivateFrameworks/Sharing.framework/Versions/A/Sharing
0x000000000978c000 	/System/Library/Frameworks/CoreGraphics.framework/Versions/A/CoreGraphics
0x000000000978c000 	/System/Library/Frameworks/CoreImage.framework/Versions/A/CoreImage
0x000000000978c000 	/System/Library/Frameworks/CoreText.framework/Versions/A/CoreText
0x000000000978c000 	/System/Library/Frameworks/ImageIO.framework/Versions/A/ImageIO
0x000000000978c000 	/System/Library/PrivateFrameworks/Backup.framework/Versions/A/Backup
0x000000000978c000 	/usr/lib/libextension.dylib
0x000000000978c000 	/usr/lib/libarchive.2.dylib
0x000000000978c000 	/System/Library/Frameworks/CFNetwork.framework/Versions/A/CFNetwork
0x000000000978c000 	/System/Library/Frameworks/SystemConfiguration.framework/Versions/A/SystemConfiguration
0x000000000978c000 	/usr/lib/libCRFSuite.dylib
0x000000000978c000 	/usr/lib/libc++.1.dylib
0x000000000978c000 	/usr/lib/libc++abi.dylib
0x000000000978c000 	/usr/lib/system/libcache.dylib
0x000000000978c000 	/usr/lib/system/libcommonCrypto.dylib
0x000000000978c000 	/usr/lib/system/libcompiler_rt.dylib
0x000000000978c000 	/usr/lib/system/libcopyfile.dylib
0x000000000978c000 	/usr/lib/system/libcorecrypto.dylib
0x000000000978c000 	/usr/lib/system/libdispatch.dylib
0x000000000978c000 	/usr/lib/system/libdyld.dylib
0x000000000978c000 	/usr/lib/system/libkeymgr.dylib
0x000000000978c000 	/usr/lib/system/liblaunch.dylib
0x000000000978c000 	/usr/lib/system/libmacho.dylib
0x000000000978c000 	/usr/lib/system/libquarantine.dylib
0x000000000978c000 	/usr/lib/system/libremovefile.dylib
0x000000000978c000 	/usr/lib/system/libsystem_asl.dylib
0x000000000978c000 	/usr/lib/system/libsystem_blocks.dylib
0x000000000978c000 	/usr/lib/system/libsystem_c.dylib
0x000000000978c000 	/usr/lib/system/libsystem_configuration.dylib
0x000000000978c000 	/usr/lib/system/libsystem_coreservices.dylib
0x000000000978c000 	/usr/lib/system/libsystem_coretls.dylib
0x000000000978c000 	/usr/lib/system/libsystem_dnssd.dylib
0x000000000978c000 	/usr/lib/system/libsystem_info.dylib
0x000000000978c000 	/usr/lib/system/libsystem_kernel.dylib
0x000000000978c000 	/usr/lib/system/libsystem_m.dylib
0x000000000978c000 	/usr/lib/system/libsystem_malloc.dylib
0x000000000978c000 	/usr/lib/system/libsystem_network.dylib
0x000000000978c000 	/usr/lib/system/libsystem_networkextension.dylib
0x000000000978c000 	/usr/lib/system/libsystem_notify.dylib
0x000000000978c000 	/usr/lib/system/libsystem_platform.dylib
0x000000000978c000 	/usr/lib/system/libsystem_pthread.dylib
0x000000000978c000 	/usr/lib/system/libsystem_sandbox.dylib
0x000000000978c000 	/usr/lib/system/libsystem_secinit.dylib
0x000000000978c000 	/usr/lib/system/libsystem_trace.dylib
0x000000000978c000 	/usr/lib/system/libunc.dylib
0x000000000978c000 	/usr/lib/system/libunwind.dylib
0x000000000978c000 	/usr/lib/system/libxpc.dylib
0x000000000978c000 	/usr/lib/libenergytrace.dylib
0x000000000978c000 	/usr/lib/libbsm.0.dylib
0x000000000978c000 	/usr/lib/system/libkxld.dylib
0x000000000978c000 	/usr/lib/libxar.1.dylib
0x000000000978c000 	/usr/lib/libsqlite3.dylib
0x000000000978c000 	/usr/lib/libpam.2.dylib
0x000000000978c000 	/usr/lib/libOpenScriptingUtil.dylib
0x000000000978c000 	/usr/lib/libbz2.1.0.dylib
0x000000000978c000 	/usr/lib/liblzma.5.dylib
0x000000000978c000 	/System/Library/Frameworks/CoreServices.framework/Versions/A/Frameworks/FSEvents.framework/Versions/A/FSEvents
0x000000000978c000 	/System/Library/Frameworks/CoreServices.framework/Versions/A/Frameworks/CarbonCore.framework/Versions/A/CarbonCore
0x000000000978c000 	/System/Library/Frameworks/CoreServices.framework/Versions/A/Frameworks/Metadata.framework/Versions/A/Metadata
0x000000000978c000 	/System/Library/Frameworks/CoreServices.framework/Versions/A/Frameworks/OSServices.framework/Versions/A/OSServices
0x000000000978c000 	/System/Library/Frameworks/CoreServices.framework/Versions/A/Frameworks/SearchKit.framework/Versions/A/SearchKit
0x000000000978c000 	/System/Library/Frameworks/CoreServices.framework/Versions/A/Frameworks/AE.framework/Versions/A/AE
0x000000000978c000 	/System/Library/Frameworks/CoreServices.framework/Versions/A/Frameworks/LaunchServices.framework/Versions/A/LaunchServices
0x000000000978c000 	/System/Library/Frameworks/CoreServices.framework/Versions/A/Frameworks/DictionaryServices.framework/Versions/A/DictionaryServices
0x000000000978c000 	/System/Library/Frameworks/CoreServices.framework/Versions/A/Frameworks/SharedFileList.framework/Versions/A/SharedFileList
0x000000000978c000 	/System/Library/Frameworks/NetFS.framework/Versions/A/NetFS
0x000000000978c000 	/System/Library/PrivateFrameworks/NetAuth.framework/Versions/A/NetAuth
0x000000000978c000 	/System/Library/PrivateFrameworks/login.framework/Versions/A/Frameworks/loginsupport.framework/Versions/A/loginsupport
0x000000000978c000 	/System/Library/PrivateFrameworks/TCC.framework/Versions/A/TCC
0x000000000978c000 	/usr/lib/libmecabra.dylib
0x000000000978c000 	/System/Library/Frameworks/ApplicationServices.framework/Versions/A/Frameworks/ATS.framework/Versions/A/ATS
0x000000000978c000 	/System/Library/Frameworks/ApplicationServices.framework/Versions/A/Frameworks/ColorSync.framework/Versions/A/ColorSync
0x000000000978c000 	/System/Library/Frameworks/ApplicationServices.framework/Versions/A/Frameworks/HIServices.framework/Versions/A/HIServices
0x000000000978c000 	/System/Library/Frameworks/ApplicationServices.framework/Versions/A/Frameworks/LangAnalysis.framework/Versions/A/LangAnalysis
0x000000000978c000 	/System/Library/Frameworks/ApplicationServices.framework/Versions/A/Frameworks/PrintCore.framework/Versions/A/PrintCore
0x000000000978c000 	/System/Library/Frameworks/ApplicationServices.framework/Versions/A/Frameworks/QD.framework/Versions/A/QD
0x000000000978c000 	/System/Library/Frameworks/ApplicationServices.framework/Versions/A/Frameworks/SpeechSynthesis.framework/Versions/A/SpeechSynthesis
0x000000000978c000 	/System/Library/Frameworks/Metal.framework/Versions/A/Metal
0x000000000978c000 	/System/Library/Frameworks/Accelerate.framework/Versions/A/Frameworks/vImage.framework/Versions/A/vImage
0x000000000978c000 	/System/Library/Frameworks/Accelerate.framework/Versions/A/Frameworks/vecLib.framework/Versions/A/vecLib
0x000000000978c000 	/System/Library/Frameworks/Accelerate.framework/Versions/A/Frameworks/vecLib.framework/Versions/A/libvDSP.dylib
0x000000000978c000 	/System/Library/Frameworks/Accelerate.framework/Versions/A/Frameworks/vecLib.framework/Versions/A/libvMisc.dylib
0x000000000978c000 	/System/Library/Frameworks/Accelerate.framework/Versions/A/Frameworks/vecLib.framework/Versions/A/libLAPACK.dylib
0x000000000978c000 	/System/Library/Frameworks/Accelerate.framework/Versions/A/Frameworks/vecLib.framework/Versions/A/libBLAS.dylib
0x000000000978c000 	/System/Library/Frameworks/Accelerate.framework/Versions/A/Frameworks/vecLib.framework/Versions/A/libLinearAlgebra.dylib
0x000000000978c000 	/System/Library/Frameworks/Accelerate.framework/Versions/A/Frameworks/vecLib.framework/Versions/A/libSparseBLAS.dylib
0x000000000978c000 	/System/Library/PrivateFrameworks/GPUCompiler.framework/libmetal_timestamp.dylib
0x000000000978c000 	/System/Library/Frameworks/OpenGL.framework/Versions/A/Libraries/libCoreFSCache.dylib
0x000000000978c000 	/System/Library/PrivateFrameworks/IOAccelerator.framework/Versions/A/IOAccelerator
0x000000000978c000 	/System/Library/Frameworks/ApplicationServices.framework/Versions/A/Frameworks/ATS.framework/Versions/A/Resources/libFontParser.dylib
0x000000000978c000 	/System/Library/Frameworks/ApplicationServices.framework/Versions/A/Frameworks/ATS.framework/Versions/A/Resources/libFontRegistry.dylib
0x000000000978c000 	/System/Library/PrivateFrameworks/AppleVPA.framework/Versions/A/AppleVPA
0x000000000978c000 	/System/Library/PrivateFrameworks/AppleJPEG.framework/Versions/A/AppleJPEG
0x000000000978c000 	/System/Library/Frameworks/ImageIO.framework/Versions/A/Resources/libJPEG.dylib
0x000000000978c000 	/System/Library/Frameworks/ImageIO.framework/Versions/A/Resources/libTIFF.dylib
0x000000000978c000 	/System/Library/Frameworks/ImageIO.framework/Versions/A/Resources/libPng.dylib
0x000000000978c000 	/System/Library/Frameworks/ImageIO.framework/Versions/A/Resources/libGIF.dylib
0x000000000978c000 	/System/Library/Frameworks/ImageIO.framework/Versions/A/Resources/libJP2.dylib
0x000000000978c000 	/System/Library/Frameworks/ImageIO.framework/Versions/A/Resources/libRadiance.dylib
0x000000000978c000 	/System/Library/Frameworks/CoreVideo.framework/Versions/A/CoreVideo
0x000000000978c000 	/System/Library/Frameworks/OpenGL.framework/Versions/A/Libraries/libGLU.dylib
0x000000000978c000 	/System/Library/Frameworks/OpenGL.framework/Versions/A/Libraries/libGFXShared.dylib
0x000000000978c000 	/System/Library/Frameworks/OpenGL.framework/Versions/A/Libraries/libGL.dylib
0x000000000978c000 	/System/Library/Frameworks/OpenGL.framework/Versions/A/Libraries/libGLImage.dylib
0x000000000978c000 	/System/Library/Frameworks/OpenGL.framework/Versions/A/Libraries/libCVMSPluginSupport.dylib
0x000000000978c000 	/System/Library/Frameworks/OpenGL.framework/Versions/A/Libraries/libCoreVMClient.dylib
0x000000000978c000 	/usr/lib/libcups.2.dylib
0x000000000978c000 	/System/Library/Frameworks/Kerberos.framework/Versions/A/Kerberos
0x000000000978c000 	/System/Library/Frameworks/GSS.framework/Versions/A/GSS
0x000000000978c000 	/usr/lib/libresolv.9.dylib
0x000000000978c000 	/usr/lib/libiconv.2.dylib
0x000000000978c000 	/System/Library/PrivateFrameworks/Heimdal.framework/Versions/A/Heimdal
0x000000000978c000 	/usr/lib/libheimdal-asn1.dylib
0x000000000978c000 	/System/Library/Frameworks/OpenDirectory.framework/Versions/A/OpenDirectory
0x000000000978c000 	/System/Library/PrivateFrameworks/CommonAuth.framework/Versions/A/CommonAuth
0x000000000978c000 	/System/Library/Frameworks/OpenDirectory.framework/Versions/A/Frameworks/CFOpenDirectory.framework/Versions/A/CFOpenDirectory
0x000000000978c000 	/System/Library/Frameworks/SecurityFoundation.framework/Versions/A/SecurityFoundation
0x000000000978c000 	/System/Library/PrivateFrameworks/LanguageModeling.framework/Versions/A/LanguageModeling
0x000000000978c000 	/usr/lib/libmarisa.dylib
0x000000000978c000 	/usr/lib/libChineseTokenizer.dylib
0x000000000978c000 	/usr/lib/libcmph.dylib
0x000000000978c000 	/usr/lib/libcompression.dylib
0x000000000978c000 	/System/Library/Frameworks/ServiceManagement.framework/Versions/A/ServiceManagement
0x000000000978c000 	/usr/lib/libxslt.1.dylib
0x000000000978c000 	/System/Library/Frameworks/Carbon.framework/Versions/A/Frameworks/Ink.framework/Versions/A/Ink
0x000000000978c000 	/usr/lib/libFosl_dynamic.dylib
0x000000000978c000 	/System/Library/PrivateFrameworks/FaceCore.framework/Versions/A/FaceCore
0x000000000978c000 	/System/Library/Frameworks/OpenCL.framework/Versions/A/OpenCL
0x000000000978c000 	/System/Library/PrivateFrameworks/CrashReporterSupport.framework/Versions/A/CrashReporterSupport
0x000000000978c000 	/System/Library/PrivateFrameworks/IconServices.framework/Versions/A/IconServices
0x000000000978c000 	/System/Library/PrivateFrameworks/Apple80211.framework/Versions/A/Apple80211
0x000000000978c000 	/System/Library/Frameworks/CoreWLAN.framework/Versions/A/CoreWLAN
0x000000000978c000 	/System/Library/Frameworks/IOBluetooth.framework/Versions/A/IOBluetooth
0x000000000978c000 	/System/Library/PrivateFrameworks/CoreWiFi.framework/Versions/A/CoreWiFi
0x000000000978c000 	/System/Library/Frameworks/CoreBluetooth.framework/Versions/A/CoreBluetooth
0x000000000978c000 	/System/Library/PrivateFrameworks/ChunkingLibrary.framework/Versions/A/ChunkingLibrary
0x000000000978c000 	/System/Library/PrivateFrameworks/DebugSymbols.framework/Versions/A/DebugSymbols
0x000000000978c000 	/System/Library/PrivateFrameworks/CoreSymbolication.framework/Versions/A/CoreSymbolication
0x000000000978c000 	/System/Library/PrivateFrameworks/Symbolication.framework/Versions/A/Symbolication
0x000000000978c000 	/System/Library/PrivateFrameworks/SpeechRecognitionCore.framework/Versions/A/SpeechRecognitionCore
0x0000000107400000 	/Library/Java/JavaVirtualMachines/jdk1.8.0_92.jdk/Contents/Home/jre/lib/server/libjvm.dylib
0x000000000978c000 	/usr/lib/libstdc++.6.dylib
0x0000000106b74000 	/Library/Java/JavaVirtualMachines/jdk1.8.0_92.jdk/Contents/Home/jre/lib/libverify.dylib
0x0000000106b82000 	/Library/Java/JavaVirtualMachines/jdk1.8.0_92.jdk/Contents/Home/jre/lib/libjava.dylib
0x0000000106bc1000 	/Library/Java/JavaVirtualMachines/jdk1.8.0_92.jdk/Contents/Home/jre/lib/libzip.dylib
0x000000011dcd1000 	/System/Library/Frameworks/JavaVM.framework/Frameworks/JavaRuntimeSupport.framework/JavaRuntimeSupport
0x000000011dcec000 	/System/Library/Frameworks/JavaVM.framework/Versions/A/Frameworks/JavaNativeFoundation.framework/Versions/A/JavaNativeFoundation
0x0000000106bf3000 	/System/Library/Frameworks/JavaVM.framework/Versions/A/JavaVM
0x000000000978c000 	/System/Library/Frameworks/Carbon.framework/Versions/A/Carbon
0x000000011dd01000 	/System/Library/PrivateFrameworks/JavaLaunching.framework/Versions/A/JavaLaunching
0x000000000978c000 	/System/Library/Frameworks/Carbon.framework/Versions/A/Frameworks/CommonPanels.framework/Versions/A/CommonPanels
0x000000000978c000 	/System/Library/Frameworks/Carbon.framework/Versions/A/Frameworks/Help.framework/Versions/A/Help
0x000000000978c000 	/System/Library/Frameworks/Carbon.framework/Versions/A/Frameworks/ImageCapture.framework/Versions/A/ImageCapture
0x000000000978c000 	/System/Library/Frameworks/Carbon.framework/Versions/A/Frameworks/OpenScripting.framework/Versions/A/OpenScripting
0x000000000978c000 	/System/Library/Frameworks/Carbon.framework/Versions/A/Frameworks/Print.framework/Versions/A/Print
0x000000000978c000 	/System/Library/Frameworks/Carbon.framework/Versions/A/Frameworks/SecurityHI.framework/Versions/A/SecurityHI

VM Arguments:
java_command: com.app.ticketbooking.App
java_class_path (initial): ticketbooking-0.0.1-SNAPSHOT.jar
Launcher Type: SUN_STANDARD

Environment Variables:
PATH=/Library/Frameworks/Python.framework/Versions/3.5/bin:/Users/bhaumikpatel/.npm-packages/bin:/usr/local/bin:/usr/bin:/bin:/usr/sbin:/sbin
SHELL=/bin/bash

Signal Handlers:
SIGSEGV: [libjvm.dylib+0x5aa779], sa_mask[0]=11111111011111110111111111111111, sa_flags=SA_ONSTACK|SA_RESTART|SA_SIGINFO
SIGBUS: [libjvm.dylib+0x5aa779], sa_mask[0]=11111111011111110111111111111111, sa_flags=SA_RESTART|SA_SIGINFO
SIGFPE: [libjvm.dylib+0x4831d0], sa_mask[0]=11111111011111110111111111111111, sa_flags=SA_RESTART|SA_SIGINFO
SIGPIPE: [libjvm.dylib+0x4831d0], sa_mask[0]=11111111011111110111111111111111, sa_flags=SA_RESTART|SA_SIGINFO
SIGXFSZ: [libjvm.dylib+0x4831d0], sa_mask[0]=11111111011111110111111111111111, sa_flags=SA_RESTART|SA_SIGINFO
SIGILL: [libjvm.dylib+0x4831d0], sa_mask[0]=11111111011111110111111111111111, sa_flags=SA_RESTART|SA_SIGINFO
SIGUSR1: SIG_DFL, sa_mask[0]=11011111011111100000000111000110, sa_flags=none
SIGUSR2: [libjvm.dylib+0x482cee], sa_mask[0]=00000000000000000000000000000000, sa_flags=SA_RESTART|SA_SIGINFO
SIGHUP: [libjvm.dylib+0x4812c5], sa_mask[0]=11111111011111110111111111111111, sa_flags=SA_RESTART|SA_SIGINFO
SIGINT: [libjvm.dylib+0x4812c5], sa_mask[0]=11111111011111110111111111111111, sa_flags=SA_RESTART|SA_SIGINFO
SIGTERM: [libjvm.dylib+0x4812c5], sa_mask[0]=11111111011111110111111111111111, sa_flags=SA_RESTART|SA_SIGINFO
SIGQUIT: [libjvm.dylib+0x4812c5], sa_mask[0]=11111111011111110111111111111111, sa_flags=SA_RESTART|SA_SIGINFO


---------------  S Y S T E M  ---------------

OS:Bsduname:Darwin 15.3.0 Darwin Kernel Version 15.3.0: Thu Dec 10 18:40:58 PST 2015; root:xnu-3248.30.4~1/RELEASE_X86_64 x86_64
rlimit: STACK 8192k, CORE 0k, NPROC 709, NOFILE 10240, AS infinity
load average:1.45 1.78 1.96

CPU:total 4 (2 cores per cpu, 2 threads per core) family 6 model 61 stepping 4, cmov, cx8, fxsr, mmx, sse, sse2, sse3, ssse3, sse4.1, sse4.2, popcnt, avx, avx2, aes, clmul, erms, 3dnowpref, lzcnt, ht, tsc, tscinvbit, bmi1, bmi2, adx

Memory: 4k page, physical 8388608k(143652k free)

/proc/meminfo:


vm_info: Java HotSpot(TM) 64-Bit Server VM (25.92-b14) for bsd-amd64 JRE (1.8.0_92-b14), built on Mar 31 2016 21:23:14 by "java_re" with gcc 4.2.1 (Based on Apple Inc. build 5658) (LLVM build 2336.11.00)

time: Sun Sep  3 00:12:14 2017
elapsed time: 307 seconds (0d 0h 5m 7s)

